<?xml version="1.0" encoding="UTF-8"?>
<testsuite name="io.github.glitchgobblers.tests.TimerTest" tests="2" skipped="0" failures="0" errors="0" timestamp="2025-12-20T18:38:39.771Z" hostname="LAPTOP-J6HFIVMD" time="0.005">
  <properties/>
  <testcase name="testPauseAndResume()" classname="io.github.glitchgobblers.tests.TimerTest" time="0.001"/>
  <testcase name="DurationExpiryTest()" classname="io.github.glitchgobblers.tests.TimerTest" time="0.003"/>
  <system-out><![CDATA[]]></system-out>
  <system-err><![CDATA[]]></system-err>
</testsuite>
