<?xml version="1.0" encoding="UTF-8"?>
<testsuite name="io.github.glitchgobblers.tests.TimerTest" tests="2" skipped="0" failures="0" errors="0" timestamp="2025-12-11T12:00:00.298Z" hostname="MSI" time="0.005">
  <properties/>
  <testcase name="testPauseAndResume()" classname="io.github.glitchgobblers.tests.TimerTest" time="0.002"/>
  <testcase name="DurationExpiryTest()" classname="io.github.glitchgobblers.tests.TimerTest" time="0.001"/>
  <system-out><![CDATA[]]></system-out>
  <system-err><![CDATA[]]></system-err>
</testsuite>
